y:\4.laboratorio\laboratorio 4 ejemplo lista simplemente enlazada\listadinamicamanejada\debug\vc140.pdb
y:\4.laboratorio\laboratorio 4 ejemplo lista simplemente enlazada\listadinamicamanejada\debug\assemblyinfo.obj
y:\4.laboratorio\laboratorio 4 ejemplo lista simplemente enlazada\debug\listadinamicamanejada.dll
y:\4.laboratorio\laboratorio 4 ejemplo lista simplemente enlazada\debug\listadinamicamanejada.pdb
y:\4.laboratorio\laboratorio 4 ejemplo lista simplemente enlazada\listadinamicamanejada\debug\.netframework,version=v4.5.2.assemblyattributes.obj
y:\4.laboratorio\laboratorio 4 ejemplo lista simplemente enlazada\listadinamicamanejada\debug\listaenlazadamanejada.obj
y:\4.laboratorio\laboratorio 4 ejemplo lista simplemente enlazada\listadinamicamanejada\debug\nodomanejado.obj
y:\4.laboratorio\laboratorio 4 ejemplo lista simplemente enlazada\listadinamicamanejada\debug\stdafx.obj
y:\4.laboratorio\laboratorio 4 ejemplo lista simplemente enlazada\listadinamicamanejada\debug\app.res
y:\4.laboratorio\laboratorio 4 ejemplo lista simplemente enlazada\listadinamicamanejada\debug\listadinamicamanejada.pch
y:\4.laboratorio\laboratorio 4 ejemplo lista simplemente enlazada\listadinamicamanejada\debug\listadin.c266f96a.tlog\cl.command.1.tlog
y:\4.laboratorio\laboratorio 4 ejemplo lista simplemente enlazada\listadinamicamanejada\debug\listadin.c266f96a.tlog\cl.read.1.tlog
y:\4.laboratorio\laboratorio 4 ejemplo lista simplemente enlazada\listadinamicamanejada\debug\listadin.c266f96a.tlog\cl.write.1.tlog
y:\4.laboratorio\laboratorio 4 ejemplo lista simplemente enlazada\listadinamicamanejada\debug\listadin.c266f96a.tlog\link.command.1.tlog
y:\4.laboratorio\laboratorio 4 ejemplo lista simplemente enlazada\listadinamicamanejada\debug\listadin.c266f96a.tlog\link.read.1.tlog
y:\4.laboratorio\laboratorio 4 ejemplo lista simplemente enlazada\listadinamicamanejada\debug\listadin.c266f96a.tlog\link.write.1.tlog
y:\4.laboratorio\laboratorio 4 ejemplo lista simplemente enlazada\listadinamicamanejada\debug\listadin.c266f96a.tlog\metagen.read.1.tlog
y:\4.laboratorio\laboratorio 4 ejemplo lista simplemente enlazada\listadinamicamanejada\debug\listadin.c266f96a.tlog\metagen.write.1.tlog
y:\4.laboratorio\laboratorio 4 ejemplo lista simplemente enlazada\listadinamicamanejada\debug\listadin.c266f96a.tlog\rc.command.1.tlog
y:\4.laboratorio\laboratorio 4 ejemplo lista simplemente enlazada\listadinamicamanejada\debug\listadin.c266f96a.tlog\rc.read.1.tlog
y:\4.laboratorio\laboratorio 4 ejemplo lista simplemente enlazada\listadinamicamanejada\debug\listadin.c266f96a.tlog\rc.write.1.tlog
y:\4.laboratorio\laboratorio 4 ejemplo lista simplemente enlazada\listadinamicamanejada\debug\listadin.c266f96a.tlog\tzres.dll.bi
